<?xml version="1.0" encoding="UTF-8"?>
<!-- Generated by org.testng.reporters.JUnitReportReporter -->
<testsuite hostname="Om-Satapthy01.local" failures="0" tests="1" name="systemsplus.BrokenLink" time="18.706" errors="0" timestamp="2024-12-25T22:44:59 IST" skipped="0">
  <testcase classname="systemsplus.BrokenLink" name="findBrokenLink" time="18.706"/>
  <system-out/>
</testsuite> <!-- systemsplus.BrokenLink -->
