<?xml version="1.0" encoding="UTF-8"?>
<!-- Generated by org.testng.reporters.JUnitReportReporter -->
<testsuite hostname="Om-Satapthy01.local" failures="0" tests="4" name="com.testng.Bestpratices" time="0.005" errors="0" timestamp="2024-12-13T16:05:38 IST" skipped="0">
  <testcase classname="com.testng.Bestpratices" name="test3" time="0.000"/>
  <system-out/>
  <testcase classname="com.testng.Bestpratices" name="test1" time="0.004"/>
  <system-out/>
  <testcase classname="com.testng.Bestpratices" name="test2" time="0.000"/>
  <system-out/>
  <testcase classname="com.testng.Bestpratices" name="test4" time="0.001"/>
  <system-out/>
</testsuite> <!-- com.testng.Bestpratices -->
