<?xml version="1.0" encoding="UTF-8"?>
<!-- Generated by org.testng.reporters.JUnitReportReporter -->
<testsuite hostname="Om-Satapthy01" failures="0" tests="2" name="systemsplus.HomePageTest" time="83.653" errors="0" timestamp="2024-11-10T18:34:31 IST" skipped="0">
  <testcase classname="systemsplus.HomePageTest" name="testSearchFunctionality" time="37.292"/>
  <testcase classname="systemsplus.HomePageTest" name="testLocationFuctionality" time="46.361"/>
</testsuite> <!-- systemsplus.HomePageTest -->
