<?xml version="1.0" encoding="UTF-8"?>
<!-- Generated by org.testng.reporters.JUnitReportReporter -->
<testsuite hostname="Om-Satapthy01" failures="0" tests="2" name="systemsplus.HomePageTest" time="83.479" errors="0" timestamp="2024-11-10T18:43:34 IST" skipped="0">
  <testcase classname="systemsplus.HomePageTest" name="testSearchFunctionality" time="39.172"/>
  <testcase classname="systemsplus.HomePageTest" name="testLocationFuctionality" time="44.307"/>
</testsuite> <!-- systemsplus.HomePageTest -->
